AH00558: apache2: Could not reliably determine the server's fully qualified domain name, using 172.25.0.3. Set the 'ServerName' directive globally to suppress this message
[Wed Nov 09 10:05:32.014004 2016] [mpm_prefork:notice] [pid 1] AH00163: Apache/2.4.7 (Ubuntu) PHP/5.5.9-1ubuntu4.19 configured -- resuming normal operations
[Wed Nov 09 10:05:32.015039 2016] [core:notice] [pid 1] AH00094: Command line: 'apache2 -D FOREGROUND'
[Wed Nov 09 11:33:03.215897 2016] [mpm_prefork:notice] [pid 1] AH00169: caught SIGTERM, shutting down
AH00558: apache2: Could not reliably determine the server's fully qualified domain name, using 172.25.0.3. Set the 'ServerName' directive globally to suppress this message
[Wed Nov 09 11:33:06.193017 2016] [mpm_prefork:notice] [pid 1] AH00163: Apache/2.4.7 (Ubuntu) PHP/5.5.9-1ubuntu4.19 configured -- resuming normal operations
[Wed Nov 09 11:33:06.193874 2016] [core:notice] [pid 1] AH00094: Command line: 'apache2 -D FOREGROUND'
[Wed Nov 09 11:34:32.329669 2016] [mpm_prefork:notice] [pid 1] AH00169: caught SIGTERM, shutting down
AH00558: apache2: Could not reliably determine the server's fully qualified domain name, using 172.25.0.3. Set the 'ServerName' directive globally to suppress this message
[Wed Nov 09 11:39:08.306521 2016] [mpm_prefork:notice] [pid 1] AH00163: Apache/2.4.7 (Ubuntu) PHP/5.5.9-1ubuntu4.19 configured -- resuming normal operations
[Wed Nov 09 11:39:08.308555 2016] [core:notice] [pid 1] AH00094: Command line: 'apache2 -D FOREGROUND'
[Wed Nov 09 11:40:31.218633 2016] [mpm_prefork:notice] [pid 1] AH00169: caught SIGTERM, shutting down
AH00558: apache2: Could not reliably determine the server's fully qualified domain name, using 172.18.0.2. Set the 'ServerName' directive globally to suppress this message
[Tue Nov 15 07:46:28.767572 2016] [mpm_prefork:notice] [pid 1] AH00163: Apache/2.4.7 (Ubuntu) PHP/5.5.9-1ubuntu4.20 configured -- resuming normal operations
[Tue Nov 15 07:46:28.768232 2016] [core:notice] [pid 1] AH00094: Command line: 'apache2 -D FOREGROUND'
[Tue Nov 15 08:46:13.672442 2016] [mpm_prefork:notice] [pid 1] AH00169: caught SIGTERM, shutting down
AH00558: apache2: Could not reliably determine the server's fully qualified domain name, using 172.18.0.3. Set the 'ServerName' directive globally to suppress this message
[Tue Nov 15 15:40:37.645713 2016] [mpm_prefork:notice] [pid 1] AH00163: Apache/2.4.7 (Ubuntu) PHP/5.5.9-1ubuntu4.20 configured -- resuming normal operations
[Tue Nov 15 15:40:37.647362 2016] [core:notice] [pid 1] AH00094: Command line: 'apache2 -D FOREGROUND'
[Tue Nov 15 15:42:26.312574 2016] [mpm_prefork:notice] [pid 1] AH00169: caught SIGTERM, shutting down
AH00558: apache2: Could not reliably determine the server's fully qualified domain name, using 172.18.0.3. Set the 'ServerName' directive globally to suppress this message
[Tue Nov 15 15:42:28.827866 2016] [mpm_prefork:notice] [pid 1] AH00163: Apache/2.4.7 (Ubuntu) PHP/5.5.9-1ubuntu4.20 configured -- resuming normal operations
[Tue Nov 15 15:42:28.828638 2016] [core:notice] [pid 1] AH00094: Command line: 'apache2 -D FOREGROUND'
[Tue Nov 15 16:02:53.360510 2016] [mpm_prefork:notice] [pid 1] AH00169: caught SIGTERM, shutting down
AH00558: apache2: Could not reliably determine the server's fully qualified domain name, using 172.18.0.3. Set the 'ServerName' directive globally to suppress this message
[Tue Nov 15 16:03:16.221657 2016] [mpm_prefork:notice] [pid 1] AH00163: Apache/2.4.7 (Ubuntu) PHP/5.5.9-1ubuntu4.20 configured -- resuming normal operations
[Tue Nov 15 16:03:16.222371 2016] [core:notice] [pid 1] AH00094: Command line: 'apache2 -D FOREGROUND'
[Tue Nov 15 16:14:42.788456 2016] [mpm_prefork:notice] [pid 1] AH00169: caught SIGTERM, shutting down
AH00558: apache2: Could not reliably determine the server's fully qualified domain name, using 172.18.0.3. Set the 'ServerName' directive globally to suppress this message
[Tue Nov 15 16:15:03.003221 2016] [mpm_prefork:notice] [pid 1] AH00163: Apache/2.4.7 (Ubuntu) PHP/5.5.9-1ubuntu4.20 configured -- resuming normal operations
[Tue Nov 15 16:15:03.003818 2016] [core:notice] [pid 1] AH00094: Command line: 'apache2 -D FOREGROUND'
[Tue Nov 15 16:16:44.592734 2016] [mpm_prefork:notice] [pid 1] AH00169: caught SIGTERM, shutting down
AH00558: apache2: Could not reliably determine the server's fully qualified domain name, using 172.18.0.4. Set the 'ServerName' directive globally to suppress this message
[Tue Nov 15 16:16:47.575784 2016] [mpm_prefork:notice] [pid 1] AH00163: Apache/2.4.7 (Ubuntu) PHP/5.5.9-1ubuntu4.20 configured -- resuming normal operations
[Tue Nov 15 16:16:47.576661 2016] [core:notice] [pid 1] AH00094: Command line: 'apache2 -D FOREGROUND'
[Tue Nov 15 16:19:50.976169 2016] [mpm_prefork:notice] [pid 1] AH00169: caught SIGTERM, shutting down
AH00558: apache2: Could not reliably determine the server's fully qualified domain name, using 172.18.0.4. Set the 'ServerName' directive globally to suppress this message
[Tue Nov 15 16:19:52.870216 2016] [mpm_prefork:notice] [pid 1] AH00163: Apache/2.4.7 (Ubuntu) PHP/5.5.9-1ubuntu4.20 configured -- resuming normal operations
[Tue Nov 15 16:19:52.870857 2016] [core:notice] [pid 1] AH00094: Command line: 'apache2 -D FOREGROUND'
[Tue Nov 15 16:27:51.750138 2016] [mpm_prefork:notice] [pid 1] AH00169: caught SIGTERM, shutting down
AH00558: apache2: Could not reliably determine the server's fully qualified domain name, using 172.18.0.4. Set the 'ServerName' directive globally to suppress this message
[Tue Nov 15 16:27:53.558013 2016] [mpm_prefork:notice] [pid 1] AH00163: Apache/2.4.7 (Ubuntu) PHP/5.5.9-1ubuntu4.20 configured -- resuming normal operations
[Tue Nov 15 16:27:53.558668 2016] [core:notice] [pid 1] AH00094: Command line: 'apache2 -D FOREGROUND'
[Tue Nov 15 16:28:56.467137 2016] [mpm_prefork:notice] [pid 1] AH00169: caught SIGTERM, shutting down
AH00558: apache2: Could not reliably determine the server's fully qualified domain name, using 172.18.0.3. Set the 'ServerName' directive globally to suppress this message
[Tue Nov 15 16:28:58.968731 2016] [mpm_prefork:notice] [pid 1] AH00163: Apache/2.4.7 (Ubuntu) PHP/5.5.9-1ubuntu4.20 configured -- resuming normal operations
[Tue Nov 15 16:28:58.969400 2016] [core:notice] [pid 1] AH00094: Command line: 'apache2 -D FOREGROUND'
[Tue Nov 15 16:29:33.507520 2016] [mpm_prefork:notice] [pid 1] AH00169: caught SIGTERM, shutting down
AH00558: apache2: Could not reliably determine the server's fully qualified domain name, using 172.18.0.4. Set the 'ServerName' directive globally to suppress this message
[Tue Nov 15 16:29:36.706642 2016] [mpm_prefork:notice] [pid 1] AH00163: Apache/2.4.7 (Ubuntu) PHP/5.5.9-1ubuntu4.20 configured -- resuming normal operations
[Tue Nov 15 16:29:36.707367 2016] [core:notice] [pid 1] AH00094: Command line: 'apache2 -D FOREGROUND'
[Tue Nov 15 16:30:11.661522 2016] [mpm_prefork:notice] [pid 1] AH00169: caught SIGTERM, shutting down
AH00558: apache2: Could not reliably determine the server's fully qualified domain name, using 172.18.0.4. Set the 'ServerName' directive globally to suppress this message
[Tue Nov 15 16:30:13.513735 2016] [mpm_prefork:notice] [pid 1] AH00163: Apache/2.4.7 (Ubuntu) PHP/5.5.9-1ubuntu4.20 configured -- resuming normal operations
[Tue Nov 15 16:30:13.514333 2016] [core:notice] [pid 1] AH00094: Command line: 'apache2 -D FOREGROUND'
[Tue Nov 15 16:31:27.989978 2016] [mpm_prefork:notice] [pid 1] AH00169: caught SIGTERM, shutting down
AH00558: apache2: Could not reliably determine the server's fully qualified domain name, using 172.18.0.4. Set the 'ServerName' directive globally to suppress this message
[Tue Nov 15 16:31:29.690774 2016] [mpm_prefork:notice] [pid 1] AH00163: Apache/2.4.7 (Ubuntu) PHP/5.5.9-1ubuntu4.20 configured -- resuming normal operations
[Tue Nov 15 16:31:29.691356 2016] [core:notice] [pid 1] AH00094: Command line: 'apache2 -D FOREGROUND'
[Tue Nov 15 16:32:26.959675 2016] [mpm_prefork:notice] [pid 1] AH00169: caught SIGTERM, shutting down
AH00558: apache2: Could not reliably determine the server's fully qualified domain name, using 172.18.0.4. Set the 'ServerName' directive globally to suppress this message
[Tue Nov 15 16:32:28.798348 2016] [mpm_prefork:notice] [pid 1] AH00163: Apache/2.4.7 (Ubuntu) PHP/5.5.9-1ubuntu4.20 configured -- resuming normal operations
[Tue Nov 15 16:32:28.800178 2016] [core:notice] [pid 1] AH00094: Command line: 'apache2 -D FOREGROUND'
[Tue Nov 15 16:37:53.377385 2016] [mpm_prefork:notice] [pid 1] AH00169: caught SIGTERM, shutting down
AH00558: apache2: Could not reliably determine the server's fully qualified domain name, using 172.18.0.4. Set the 'ServerName' directive globally to suppress this message
[Tue Nov 15 16:37:55.250988 2016] [mpm_prefork:notice] [pid 1] AH00163: Apache/2.4.7 (Ubuntu) PHP/5.5.9-1ubuntu4.20 configured -- resuming normal operations
[Tue Nov 15 16:37:55.251592 2016] [core:notice] [pid 1] AH00094: Command line: 'apache2 -D FOREGROUND'
[Tue Nov 15 16:38:38.388549 2016] [mpm_prefork:notice] [pid 1] AH00169: caught SIGTERM, shutting down
AH00558: apache2: Could not reliably determine the server's fully qualified domain name, using 172.18.0.4. Set the 'ServerName' directive globally to suppress this message
[Tue Nov 15 23:38:40.376409 2016] [mpm_prefork:notice] [pid 1] AH00163: Apache/2.4.7 (Ubuntu) PHP/5.5.9-1ubuntu4.20 configured -- resuming normal operations
[Tue Nov 15 23:38:40.378222 2016] [core:notice] [pid 1] AH00094: Command line: 'apache2 -D FOREGROUND'
[Tue Nov 15 23:40:06.183146 2016] [mpm_prefork:notice] [pid 1] AH00169: caught SIGTERM, shutting down
AH00558: apache2: Could not reliably determine the server's fully qualified domain name, using 172.18.0.4. Set the 'ServerName' directive globally to suppress this message
[Tue Nov 15 23:40:07.938548 2016] [mpm_prefork:notice] [pid 1] AH00163: Apache/2.4.7 (Ubuntu) PHP/5.5.9-1ubuntu4.20 configured -- resuming normal operations
[Tue Nov 15 23:40:07.939253 2016] [core:notice] [pid 1] AH00094: Command line: 'apache2 -D FOREGROUND'
[Tue Nov 15 23:41:09.419910 2016] [mpm_prefork:notice] [pid 1] AH00169: caught SIGTERM, shutting down
AH00558: apache2: Could not reliably determine the server's fully qualified domain name, using 172.18.0.4. Set the 'ServerName' directive globally to suppress this message
[Tue Nov 15 23:41:11.445617 2016] [mpm_prefork:notice] [pid 1] AH00163: Apache/2.4.7 (Ubuntu) PHP/5.5.9-1ubuntu4.20 configured -- resuming normal operations
[Tue Nov 15 23:41:11.446426 2016] [core:notice] [pid 1] AH00094: Command line: 'apache2 -D FOREGROUND'
[Tue Nov 15 23:42:07.863654 2016] [mpm_prefork:notice] [pid 1] AH00169: caught SIGTERM, shutting down
AH00558: apache2: Could not reliably determine the server's fully qualified domain name, using 172.18.0.4. Set the 'ServerName' directive globally to suppress this message
[Tue Nov 15 23:42:17.178874 2016] [mpm_prefork:notice] [pid 1] AH00163: Apache/2.4.7 (Ubuntu) PHP/5.5.9-1ubuntu4.20 configured -- resuming normal operations
[Tue Nov 15 23:42:17.179725 2016] [core:notice] [pid 1] AH00094: Command line: 'apache2 -D FOREGROUND'
[Wed Nov 16 00:06:15.860559 2016] [mpm_prefork:notice] [pid 1] AH00169: caught SIGTERM, shutting down
AH00558: apache2: Could not reliably determine the server's fully qualified domain name, using 172.18.0.4. Set the 'ServerName' directive globally to suppress this message
[Wed Nov 16 00:06:17.860349 2016] [mpm_prefork:notice] [pid 1] AH00163: Apache/2.4.7 (Ubuntu) PHP/5.5.9-1ubuntu4.20 configured -- resuming normal operations
[Wed Nov 16 00:06:17.861224 2016] [core:notice] [pid 1] AH00094: Command line: 'apache2 -D FOREGROUND'
[Wed Nov 16 00:10:30.768842 2016] [mpm_prefork:notice] [pid 1] AH00169: caught SIGTERM, shutting down
AH00558: apache2: Could not reliably determine the server's fully qualified domain name, using 172.18.0.4. Set the 'ServerName' directive globally to suppress this message
[Wed Nov 16 00:10:32.747079 2016] [mpm_prefork:notice] [pid 1] AH00163: Apache/2.4.7 (Ubuntu) PHP/5.5.9-1ubuntu4.20 configured -- resuming normal operations
[Wed Nov 16 00:10:32.747987 2016] [core:notice] [pid 1] AH00094: Command line: 'apache2 -D FOREGROUND'
[Wed Nov 16 00:18:51.972245 2016] [mpm_prefork:notice] [pid 1] AH00169: caught SIGTERM, shutting down
AH00558: apache2: Could not reliably determine the server's fully qualified domain name, using 172.18.0.4. Set the 'ServerName' directive globally to suppress this message
[Wed Nov 16 00:18:54.809357 2016] [mpm_prefork:notice] [pid 1] AH00163: Apache/2.4.7 (Ubuntu) PHP/5.5.9-1ubuntu4.20 configured -- resuming normal operations
[Wed Nov 16 00:18:54.810120 2016] [core:notice] [pid 1] AH00094: Command line: 'apache2 -D FOREGROUND'
[Wed Nov 16 00:19:57.360123 2016] [mpm_prefork:notice] [pid 1] AH00169: caught SIGTERM, shutting down
AH00558: apache2: Could not reliably determine the server's fully qualified domain name, using 172.18.0.4. Set the 'ServerName' directive globally to suppress this message
[Wed Nov 16 00:19:59.306210 2016] [mpm_prefork:notice] [pid 1] AH00163: Apache/2.4.7 (Ubuntu) PHP/5.5.9-1ubuntu4.20 configured -- resuming normal operations
[Wed Nov 16 00:19:59.306835 2016] [core:notice] [pid 1] AH00094: Command line: 'apache2 -D FOREGROUND'
[Wed Nov 16 01:03:45.228438 2016] [mpm_prefork:notice] [pid 1] AH00169: caught SIGTERM, shutting down
AH00558: apache2: Could not reliably determine the server's fully qualified domain name, using 172.18.0.4. Set the 'ServerName' directive globally to suppress this message
[Wed Nov 16 01:05:40.636768 2016] [mpm_prefork:notice] [pid 1] AH00163: Apache/2.4.7 (Ubuntu) PHP/5.5.9-1ubuntu4.20 configured -- resuming normal operations
[Wed Nov 16 01:05:40.639285 2016] [core:notice] [pid 1] AH00094: Command line: 'apache2 -D FOREGROUND'
[Wed Nov 16 01:05:56.797435 2016] [mpm_prefork:notice] [pid 1] AH00169: caught SIGTERM, shutting down
AH00558: apache2: Could not reliably determine the server's fully qualified domain name, using 172.18.0.3. Set the 'ServerName' directive globally to suppress this message
[Wed Nov 16 01:06:28.364971 2016] [mpm_prefork:notice] [pid 1] AH00163: Apache/2.4.7 (Ubuntu) PHP/5.5.9-1ubuntu4.20 configured -- resuming normal operations
[Wed Nov 16 01:06:28.365669 2016] [core:notice] [pid 1] AH00094: Command line: 'apache2 -D FOREGROUND'
[Wed Nov 16 01:07:11.269140 2016] [mpm_prefork:notice] [pid 1] AH00169: caught SIGTERM, shutting down
AH00558: apache2: Could not reliably determine the server's fully qualified domain name, using 172.18.0.3. Set the 'ServerName' directive globally to suppress this message
[Wed Nov 16 01:07:28.502635 2016] [mpm_prefork:notice] [pid 1] AH00163: Apache/2.4.7 (Ubuntu) PHP/5.5.9-1ubuntu4.20 configured -- resuming normal operations
[Wed Nov 16 01:07:28.503291 2016] [core:notice] [pid 1] AH00094: Command line: 'apache2 -D FOREGROUND'
[Wed Nov 16 01:09:20.126501 2016] [mpm_prefork:notice] [pid 1] AH00169: caught SIGTERM, shutting down
AH00558: apache2: Could not reliably determine the server's fully qualified domain name, using 172.18.0.3. Set the 'ServerName' directive globally to suppress this message
[Wed Nov 16 01:09:37.960328 2016] [mpm_prefork:notice] [pid 1] AH00163: Apache/2.4.7 (Ubuntu) PHP/5.5.9-1ubuntu4.20 configured -- resuming normal operations
[Wed Nov 16 01:09:37.961049 2016] [core:notice] [pid 1] AH00094: Command line: 'apache2 -D FOREGROUND'
[Wed Nov 16 08:37:00.608159 2016] [mpm_prefork:notice] [pid 1] AH00169: caught SIGTERM, shutting down
AH00558: apache2: Could not reliably determine the server's fully qualified domain name, using 172.18.0.3. Set the 'ServerName' directive globally to suppress this message
[Wed Nov 16 08:37:26.456674 2016] [mpm_prefork:notice] [pid 1] AH00163: Apache/2.4.7 (Ubuntu) PHP/5.5.9-1ubuntu4.20 configured -- resuming normal operations
[Wed Nov 16 08:37:26.457481 2016] [core:notice] [pid 1] AH00094: Command line: 'apache2 -D FOREGROUND'
[Wed Nov 16 08:41:36.777514 2016] [mpm_prefork:notice] [pid 1] AH00169: caught SIGTERM, shutting down
AH00558: apache2: Could not reliably determine the server's fully qualified domain name, using 172.18.0.3. Set the 'ServerName' directive globally to suppress this message
[Wed Nov 16 08:41:55.282390 2016] [mpm_prefork:notice] [pid 1] AH00163: Apache/2.4.7 (Ubuntu) PHP/5.5.9-1ubuntu4.20 configured -- resuming normal operations
[Wed Nov 16 08:41:55.283647 2016] [core:notice] [pid 1] AH00094: Command line: 'apache2 -D FOREGROUND'
[Wed Nov 16 08:43:04.702435 2016] [mpm_prefork:notice] [pid 1] AH00169: caught SIGTERM, shutting down
AH00558: apache2: Could not reliably determine the server's fully qualified domain name, using 172.18.0.3. Set the 'ServerName' directive globally to suppress this message
[Wed Nov 16 08:43:23.475020 2016] [mpm_prefork:notice] [pid 1] AH00163: Apache/2.4.7 (Ubuntu) PHP/5.5.9-1ubuntu4.20 configured -- resuming normal operations
[Wed Nov 16 08:43:23.475749 2016] [core:notice] [pid 1] AH00094: Command line: 'apache2 -D FOREGROUND'
[Wed Nov 16 11:10:37.578758 2016] [mpm_prefork:notice] [pid 1] AH00169: caught SIGTERM, shutting down
AH00558: apache2: Could not reliably determine the server's fully qualified domain name, using 172.18.0.3. Set the 'ServerName' directive globally to suppress this message
[Wed Nov 16 11:10:59.674766 2016] [mpm_prefork:notice] [pid 1] AH00163: Apache/2.4.7 (Ubuntu) PHP/5.5.9-1ubuntu4.20 configured -- resuming normal operations
[Wed Nov 16 11:10:59.675511 2016] [core:notice] [pid 1] AH00094: Command line: 'apache2 -D FOREGROUND'
